Descriptor coordinates at dimension:     1
    0.7736345414E+01
    0.7736345414E+01
    0.5802259061E+01
    0.7736345414E+01
    0.1160451812E+02
    0.4641807249E+01
    0.1160451812E+02
    0.1160451812E+02
    0.4641807249E+01
    0.7736345414E+01
    0.5802259061E+01
    0.4641807249E+01
    0.5802259061E+01
    0.5802259061E+01
    0.5802259061E+01
    0.1160451812E+02
    0.7736345414E+01
    0.1160451812E+02
    0.1160451812E+02
    0.4641807249E+01
    0.1160451812E+02
    0.5802259061E+01
    0.4641807249E+01
    0.4641807249E+01
    0.1160451812E+02
    0.4641807249E+01
    0.4641807249E+01
    0.5802259061E+01
    0.7736345414E+01
    0.5802259061E+01
    0.7736345414E+01
    0.7736345414E+01
    0.1160451812E+02
    0.5802259061E+01
    0.7736345414E+01
    0.1160451812E+02
    0.4641807249E+01
    0.4641807249E+01
    0.7736345414E+01
    0.7736345414E+01
    0.4641807249E+01
    0.1160451812E+02
    0.4641807249E+01
    0.4641807249E+01
    0.7736345414E+01
    0.4641807249E+01
    0.7736345414E+01
    0.7736345414E+01
    0.1160451812E+02
    0.7736345414E+01
    0.4641807249E+01
    0.5802259061E+01
    0.7736345414E+01
    0.1160451812E+02
    0.4641807249E+01
    0.5802259061E+01
    0.4641807249E+01
    0.1160451812E+02
    0.4641807249E+01
    0.4641807249E+01
    0.1160451812E+02
    0.4641807249E+01
    0.5802259061E+01
    0.1160451812E+02
    0.7736345414E+01
    0.7736345414E+01
    0.5802259061E+01
    0.4641807249E+01
    0.4641807249E+01
    0.4641807249E+01
    0.1160451812E+02
    0.5802259061E+01
    0.1160451812E+02
    0.4641807249E+01
    0.5802259061E+01
    0.5802259061E+01
    0.1160451812E+02
    0.5802259061E+01
    0.7736345414E+01
    0.7736345414E+01
    0.7736345414E+01
    0.7736345414E+01
    0.5802259061E+01
    0.7736345414E+01
    0.7736345414E+01
    0.1160451812E+02
    0.5802259061E+01
    0.4641807249E+01
    0.5802259061E+01
    0.7736345414E+01
    0.5802259061E+01
    0.4641807249E+01
    0.7736345414E+01
    0.1160451812E+02
    0.1160451812E+02
    0.4641807249E+01
    0.5802259061E+01
    0.1160451812E+02
    0.7736345414E+01
    0.5802259061E+01
    0.7736345414E+01
    0.4641807249E+01
    0.7736345414E+01
    0.5802259061E+01
    0.1160451812E+02
    0.7736345414E+01
    0.1160451812E+02
    0.4641807249E+01
    0.4641807249E+01
    0.5802259061E+01
    0.4641807249E+01
    0.7736345414E+01
    0.7736345414E+01
    0.5802259061E+01
    0.1160451812E+02
    0.4641807249E+01
    0.5802259061E+01
    0.7736345414E+01
    0.5802259061E+01
Descriptor coordinates at dimension:     2
    0.7736345414E+01    0.1347060000E+02
    0.7736345414E+01    0.2277780000E+02
    0.5802259061E+01    0.2100000000E+02
    0.7736345414E+01    0.1607500000E+02
    0.1160451812E+02    0.1433330000E+02
    0.4641807249E+01    0.2275000000E+02
    0.1160451812E+02    0.2180000000E+02
    0.1160451812E+02    0.1148080000E+02
    0.4641807249E+01    0.1297060000E+02
    0.7736345414E+01    0.1540000000E+02
    0.5802259061E+01    0.2445000000E+02
    0.4641807249E+01    0.1796670000E+02
    0.5802259061E+01    0.8080000000E+01
    0.5802259061E+01    0.2480000000E+02
    0.5802259061E+01    0.1193750000E+02
    0.1160451812E+02    0.1426980000E+02
    0.7736345414E+01    0.2100000000E+02
    0.1160451812E+02    0.7071400000E+01
    0.1160451812E+02    0.1470000000E+02
    0.4641807249E+01    0.1024000000E+02
    0.1160451812E+02    0.1562670000E+02
    0.5802259061E+01    0.8600000000E+01
    0.4641807249E+01    0.1229630000E+02
    0.4641807249E+01    0.1321430000E+02
    0.1160451812E+02    0.1532000000E+02
    0.4641807249E+01    0.1133330000E+02
    0.4641807249E+01    0.2404000000E+02
    0.5802259061E+01    0.2033330000E+02
    0.7736345414E+01    0.2316670000E+02
    0.5802259061E+01    0.9875000000E+01
    0.7736345414E+01    0.1439470000E+02
    0.7736345414E+01    0.1248530000E+02
    0.1160451812E+02    0.1384000000E+02
    0.5802259061E+01    0.2330770000E+02
    0.7736345414E+01    0.1516670000E+02
    0.1160451812E+02    0.1433750000E+02
    0.4641807249E+01    0.1207140000E+02
    0.4641807249E+01    0.1073080000E+02
    0.7736345414E+01    0.1381330000E+02
    0.7736345414E+01    0.1080770000E+02
    0.4641807249E+01    0.1294290000E+02
    0.1160451812E+02    0.1015380000E+02
    0.4641807249E+01    0.1524000000E+02
    0.4641807249E+01    0.2033330000E+02
    0.7736345414E+01    0.9600000000E+01
    0.4641807249E+01    0.1360000000E+02
    0.7736345414E+01    0.1460000000E+02
    0.7736345414E+01    0.1052000000E+02
    0.1160451812E+02    0.1470000000E+02
    0.7736345414E+01    0.2384620000E+02
    0.4641807249E+01    0.1460710000E+02
    0.5802259061E+01    0.2465000000E+02
    0.7736345414E+01    0.1324070000E+02
    0.1160451812E+02    0.5680000000E+01
    0.4641807249E+01    0.9500000000E+01
    0.5802259061E+01    0.1388750000E+02
    0.4641807249E+01    0.7900000000E+01
    0.1160451812E+02    0.2470590000E+02
    0.4641807249E+01    0.1248810000E+02
    0.4641807249E+01    0.1028000000E+02
    0.1160451812E+02    0.1127450000E+02
    0.4641807249E+01    0.1354670000E+02
    0.5802259061E+01    0.1408000000E+02
    0.1160451812E+02    0.1145590000E+02
    0.7736345414E+01    0.2472730000E+02
    0.7736345414E+01    0.1378750000E+02
    0.5802259061E+01    0.1379010000E+02
    0.4641807249E+01    0.9442300000E+01
    0.4641807249E+01    0.1258750000E+02
    0.4641807249E+01    0.1180000000E+02
    0.1160451812E+02    0.1280880000E+02
    0.5802259061E+01    0.1646000000E+02
    0.1160451812E+02    0.1453090000E+02
    0.4641807249E+01    0.2323080000E+02
    0.5802259061E+01    0.1308330000E+02
    0.5802259061E+01    0.2111540000E+02
    0.1160451812E+02    0.1461900000E+02
    0.5802259061E+01    0.7279400000E+01
    0.7736345414E+01    0.1370000000E+02
    0.7736345414E+01    0.1414710000E+02
    0.7736345414E+01    0.1511760000E+02
    0.7736345414E+01    0.2124000000E+02
    0.5802259061E+01    0.1106670000E+02
    0.7736345414E+01    0.9912500000E+01
    0.7736345414E+01    0.9000000000E+01
    0.1160451812E+02    0.1256670000E+02
    0.5802259061E+01    0.1256250000E+02
    0.4641807249E+01    0.1122220000E+02
    0.5802259061E+01    0.2362500000E+02
    0.7736345414E+01    0.2064000000E+02
    0.5802259061E+01    0.1285000000E+02
    0.4641807249E+01    0.1400000000E+02
    0.7736345414E+01    0.1419750000E+02
    0.1160451812E+02    0.1388750000E+02
    0.1160451812E+02    0.1300000000E+02
    0.4641807249E+01    0.2500000000E+02
    0.5802259061E+01    0.1500000000E+02
    0.1160451812E+02    0.1542650000E+02
    0.7736345414E+01    0.1202670000E+02
    0.5802259061E+01    0.2294120000E+02
    0.7736345414E+01    0.2452000000E+02
    0.4641807249E+01    0.1207140000E+02
    0.7736345414E+01    0.1990000000E+02
    0.5802259061E+01    0.1374670000E+02
    0.1160451812E+02    0.1446670000E+02
    0.7736345414E+01    0.1416000000E+02
    0.1160451812E+02    0.1643640000E+02
    0.4641807249E+01    0.9062500000E+01
    0.4641807249E+01    0.1368750000E+02
    0.5802259061E+01    0.1030880000E+02
    0.4641807249E+01    0.2438890000E+02
    0.7736345414E+01    0.1632350000E+02
    0.7736345414E+01    0.1342500000E+02
    0.5802259061E+01    0.1295240000E+02
    0.1160451812E+02    0.1451430000E+02
    0.4641807249E+01    0.1816670000E+02
    0.5802259061E+01    0.1180000000E+02
    0.7736345414E+01    0.1082350000E+02
    0.5802259061E+01    0.1572000000E+02
Descriptor coordinates at dimension:     3
    0.7736345414E+01    0.1347060000E+02    0.3333000000E+00
    0.7736345414E+01    0.2277780000E+02    0.2222000000E+00
    0.5802259061E+01    0.2100000000E+02    0.5560000000E-01
    0.7736345414E+01    0.1607500000E+02    0.4000000000E+00
    0.1160451812E+02    0.1433330000E+02    0.8000000000E+00
    0.4641807249E+01    0.2275000000E+02    0.2500000000E+00
    0.1160451812E+02    0.2180000000E+02    0.7500000000E+00
    0.1160451812E+02    0.1148080000E+02    0.5000000000E+00
    0.4641807249E+01    0.1297060000E+02    0.3333000000E+00
    0.7736345414E+01    0.1540000000E+02    0.4000000000E+00
    0.5802259061E+01    0.2445000000E+02    0.2500000000E+00
    0.4641807249E+01    0.1796670000E+02    0.6000000000E+00
    0.5802259061E+01    0.8080000000E+01    0.5000000000E+00
    0.5802259061E+01    0.2480000000E+02    0.4286000000E+00
    0.5802259061E+01    0.1193750000E+02    0.8000000000E+00
    0.1160451812E+02    0.1426980000E+02    0.6000000000E+00
    0.7736345414E+01    0.2100000000E+02    0.8330000000E-01
    0.1160451812E+02    0.7071400000E+01    0.2500000000E+00
    0.1160451812E+02    0.1470000000E+02    0.6667000000E+00
    0.4641807249E+01    0.1024000000E+02    0.2500000000E+00
    0.1160451812E+02    0.1562670000E+02    0.7500000000E+00
    0.5802259061E+01    0.8600000000E+01    0.1000000000E+00
    0.4641807249E+01    0.1229630000E+02    0.7500000000E+00
    0.4641807249E+01    0.1321430000E+02    0.8000000000E+00
    0.1160451812E+02    0.1532000000E+02    0.5000000000E+00
    0.4641807249E+01    0.1133330000E+02    0.3750000000E+00
    0.4641807249E+01    0.2404000000E+02    0.5000000000E+00
    0.5802259061E+01    0.2033330000E+02    0.1500000000E+00
    0.7736345414E+01    0.2316670000E+02    0.4000000000E+00
    0.5802259061E+01    0.9875000000E+01    0.8000000000E+00
    0.7736345414E+01    0.1439470000E+02    0.2317000000E+00
    0.7736345414E+01    0.1248530000E+02    0.6667000000E+00
    0.1160451812E+02    0.1384000000E+02    0.5000000000E+00
    0.5802259061E+01    0.2330770000E+02    0.2500000000E+00
    0.7736345414E+01    0.1516670000E+02    0.8000000000E+00
    0.1160451812E+02    0.1433750000E+02    0.8000000000E+00
    0.4641807249E+01    0.1207140000E+02    0.8000000000E+00
    0.4641807249E+01    0.1073080000E+02    0.2500000000E+00
    0.7736345414E+01    0.1381330000E+02    0.7500000000E+00
    0.7736345414E+01    0.1080770000E+02    0.5000000000E+00
    0.4641807249E+01    0.1294290000E+02    0.3333000000E+00
    0.1160451812E+02    0.1015380000E+02    0.2500000000E+00
    0.4641807249E+01    0.1524000000E+02    0.5000000000E+00
    0.4641807249E+01    0.2033330000E+02    0.8330000000E-01
    0.7736345414E+01    0.9600000000E+01    0.1000000000E+00
    0.4641807249E+01    0.1360000000E+02    0.5000000000E+00
    0.7736345414E+01    0.1460000000E+02    0.6000000000E+00
    0.7736345414E+01    0.1052000000E+02    0.2500000000E+00
    0.1160451812E+02    0.1470000000E+02    0.5000000000E+00
    0.7736345414E+01    0.2384620000E+02    0.3750000000E+00
    0.4641807249E+01    0.1460710000E+02    0.8000000000E+00
    0.5802259061E+01    0.2465000000E+02    0.2500000000E+00
    0.7736345414E+01    0.1324070000E+02    0.8438000000E+00
    0.1160451812E+02    0.5680000000E+01    0.2500000000E+00
    0.4641807249E+01    0.9500000000E+01    0.6667000000E+00
    0.5802259061E+01    0.1388750000E+02    0.8000000000E+00
    0.4641807249E+01    0.7900000000E+01    0.1000000000E+00
    0.1160451812E+02    0.2470590000E+02    0.3333000000E+00
    0.4641807249E+01    0.1248810000E+02    0.7500000000E+00
    0.4641807249E+01    0.1028000000E+02    0.2500000000E+00
    0.1160451812E+02    0.1127450000E+02    0.5000000000E+00
    0.4641807249E+01    0.1354670000E+02    0.7500000000E+00
    0.5802259061E+01    0.1408000000E+02    0.5000000000E+00
    0.1160451812E+02    0.1145590000E+02    0.6667000000E+00
    0.7736345414E+01    0.2472730000E+02    0.1429000000E+00
    0.7736345414E+01    0.1378750000E+02    0.8000000000E+00
    0.5802259061E+01    0.1379010000E+02    0.7500000000E+00
    0.4641807249E+01    0.9442300000E+01    0.5000000000E+00
    0.4641807249E+01    0.1258750000E+02    0.8000000000E+00
    0.4641807249E+01    0.1180000000E+02    0.5000000000E+00
    0.1160451812E+02    0.1280880000E+02    0.6667000000E+00
    0.5802259061E+01    0.1646000000E+02    0.5000000000E+00
    0.1160451812E+02    0.1453090000E+02    0.7500000000E+00
    0.4641807249E+01    0.2323080000E+02    0.2500000000E+00
    0.5802259061E+01    0.1308330000E+02    0.8000000000E+00
    0.5802259061E+01    0.2111540000E+02    0.2500000000E+00
    0.1160451812E+02    0.1461900000E+02    0.8000000000E+00
    0.5802259061E+01    0.7279400000E+01    0.6667000000E+00
    0.7736345414E+01    0.1370000000E+02    0.4000000000E+00
    0.7736345414E+01    0.1414710000E+02    0.3333000000E+00
    0.7736345414E+01    0.1511760000E+02    0.5000000000E+00
    0.7736345414E+01    0.2124000000E+02    0.2500000000E+00
    0.5802259061E+01    0.1106670000E+02    0.4286000000E+00
    0.7736345414E+01    0.9912500000E+01    0.8000000000E+00
    0.7736345414E+01    0.9000000000E+01    0.1667000000E+00
    0.1160451812E+02    0.1256670000E+02    0.8182000000E+00
    0.5802259061E+01    0.1256250000E+02    0.8000000000E+00
    0.4641807249E+01    0.1122220000E+02    0.4286000000E+00
    0.5802259061E+01    0.2362500000E+02    0.8330000000E-01
    0.7736345414E+01    0.2064000000E+02    0.2500000000E+00
    0.5802259061E+01    0.1285000000E+02    0.4000000000E+00
    0.4641807249E+01    0.1400000000E+02    0.8000000000E+00
    0.7736345414E+01    0.1419750000E+02    0.7500000000E+00
    0.1160451812E+02    0.1388750000E+02    0.8000000000E+00
    0.1160451812E+02    0.1300000000E+02    0.2222000000E+00
    0.4641807249E+01    0.2500000000E+02    0.2500000000E+00
    0.5802259061E+01    0.1500000000E+02    0.7500000000E+00
    0.1160451812E+02    0.1542650000E+02    0.6667000000E+00
    0.7736345414E+01    0.1202670000E+02    0.7143000000E+00
    0.5802259061E+01    0.2294120000E+02    0.3333000000E+00
    0.7736345414E+01    0.2452000000E+02    0.5000000000E+00
    0.4641807249E+01    0.1207140000E+02    0.8000000000E+00
    0.7736345414E+01    0.1990000000E+02    0.9520000000E-01
    0.5802259061E+01    0.1374670000E+02    0.7500000000E+00
    0.1160451812E+02    0.1446670000E+02    0.2500000000E+00
    0.7736345414E+01    0.1416000000E+02    0.5000000000E+00
    0.1160451812E+02    0.1643640000E+02    0.5000000000E+00
    0.4641807249E+01    0.9062500000E+01    0.8000000000E+00
    0.4641807249E+01    0.1368750000E+02    0.6667000000E+00
    0.5802259061E+01    0.1030880000E+02    0.6667000000E+00
    0.4641807249E+01    0.2438890000E+02    0.1667000000E+00
    0.7736345414E+01    0.1632350000E+02    0.6667000000E+00
    0.7736345414E+01    0.1342500000E+02    0.8000000000E+00
    0.5802259061E+01    0.1295240000E+02    0.7500000000E+00
    0.1160451812E+02    0.1451430000E+02    0.3333000000E+00
    0.4641807249E+01    0.1816670000E+02    0.5560000000E-01
    0.5802259061E+01    0.1180000000E+02    0.5000000000E+00
    0.7736345414E+01    0.1082350000E+02    0.6667000000E+00
    0.5802259061E+01    0.1572000000E+02    0.5000000000E+00
