Descriptor coordinates at dimension:     1
    0.7736345414E+01
    0.7736345414E+01
    0.5802259061E+01
    0.7736345414E+01
    0.1160451812E+02
    0.4641807249E+01
    0.1160451812E+02
    0.1160451812E+02
    0.4641807249E+01
    0.7736345414E+01
    0.5802259061E+01
    0.4641807249E+01
    0.5802259061E+01
    0.5802259061E+01
    0.5802259061E+01
    0.1160451812E+02
    0.7736345414E+01
    0.1160451812E+02
    0.1160451812E+02
    0.4641807249E+01
    0.1160451812E+02
    0.5802259061E+01
    0.4641807249E+01
    0.4641807249E+01
    0.1160451812E+02
    0.4641807249E+01
    0.4641807249E+01
    0.5802259061E+01
    0.7736345414E+01
    0.5802259061E+01
    0.7736345414E+01
    0.7736345414E+01
    0.1160451812E+02
    0.5802259061E+01
    0.7736345414E+01
    0.1160451812E+02
    0.4641807249E+01
    0.4641807249E+01
    0.7736345414E+01
    0.7736345414E+01
    0.4641807249E+01
    0.1160451812E+02
    0.4641807249E+01
    0.4641807249E+01
    0.7736345414E+01
    0.4641807249E+01
    0.7736345414E+01
    0.7736345414E+01
    0.1160451812E+02
    0.7736345414E+01
    0.4641807249E+01
    0.5802259061E+01
    0.7736345414E+01
    0.1160451812E+02
    0.4641807249E+01
    0.5802259061E+01
    0.4641807249E+01
    0.1160451812E+02
    0.4641807249E+01
    0.4641807249E+01
    0.1160451812E+02
    0.4641807249E+01
    0.5802259061E+01
    0.1160451812E+02
    0.7736345414E+01
    0.7736345414E+01
    0.5802259061E+01
    0.4641807249E+01
    0.4641807249E+01
    0.4641807249E+01
    0.1160451812E+02
    0.5802259061E+01
    0.1160451812E+02
    0.4641807249E+01
    0.5802259061E+01
    0.5802259061E+01
    0.1160451812E+02
    0.5802259061E+01
    0.7736345414E+01
    0.7736345414E+01
    0.7736345414E+01
    0.7736345414E+01
    0.5802259061E+01
    0.7736345414E+01
    0.7736345414E+01
    0.1160451812E+02
    0.5802259061E+01
    0.4641807249E+01
    0.5802259061E+01
    0.7736345414E+01
    0.5802259061E+01
    0.4641807249E+01
    0.7736345414E+01
    0.1160451812E+02
    0.1160451812E+02
    0.4641807249E+01
    0.5802259061E+01
    0.1160451812E+02
    0.7736345414E+01
    0.5802259061E+01
    0.7736345414E+01
    0.4641807249E+01
    0.7736345414E+01
    0.5802259061E+01
    0.1160451812E+02
    0.7736345414E+01
    0.1160451812E+02
    0.4641807249E+01
    0.4641807249E+01
    0.5802259061E+01
    0.4641807249E+01
    0.7736345414E+01
    0.7736345414E+01
    0.5802259061E+01
    0.1160451812E+02
    0.4641807249E+01
    0.5802259061E+01
    0.7736345414E+01
    0.5802259061E+01
