Descriptor coordinates at dimension:     7
    0.7736345414E+01    0.1347060000E+02    0.1603300000E+01    0.1350000000E+01    0.3823500000E+01    0.3412000000E+00    0.4928000000E+00
    0.7736345414E+01    0.2277780000E+02    0.2613300000E+01    0.7500000000E+00    0.5000000000E+01    0.3531000000E+00    0.4270000000E+00
    0.5802259061E+01    0.2100000000E+02    0.2883900000E+01    0.7647000000E+00    0.1666700000E+01    0.3267000000E+00    0.3381000000E+00
    0.7736345414E+01    0.1607500000E+02    0.1532000000E+01    0.1225000000E+01    0.6550000000E+01    0.4190000000E+00    0.6065000000E+00
    0.1160451812E+02    0.1433330000E+02    0.1186700000E+01    0.1050000000E+01    0.1135710000E+02    0.5440000000E+00    0.4514000000E+00
    0.4641807249E+01    0.2275000000E+02    0.2370000000E+01    0.8333000000E+00    0.5500000000E+01    0.4020000000E+00    0.5064000000E+00
    0.1160451812E+02    0.2180000000E+02    0.1495000000E+01    0.6500000000E+00    0.1661330000E+02    0.6710000000E+00    0.5991000000E+00
    0.1160451812E+02    0.1148080000E+02    0.1113500000E+01    0.1692300000E+01    0.5769200000E+01    0.3718000000E+00    0.5170000000E+00
    0.4641807249E+01    0.1297060000E+02    0.1353300000E+01    0.1400000000E+01    0.6588200000E+01    0.4996000000E+00    0.7717000000E+00
    0.7736345414E+01    0.1540000000E+02    0.1424000000E+01    0.1250000000E+01    0.9050000000E+01    0.5057000000E+00    0.6299000000E+00
    0.5802259061E+01    0.2445000000E+02    0.2370000000E+01    0.8333000000E+00    0.5400000000E+01    0.4020000000E+00    0.5274000000E+00
    0.4641807249E+01    0.1796670000E+02    0.2018400000E+01    0.6900000000E+00    0.1080000000E+02    0.3330000000E+00    0.4868000000E+00
    0.5802259061E+01    0.8080000000E+01    0.1185000000E+01    0.1900000000E+01    0.4160000000E+01    0.3034000000E+00    0.5160000000E+00
    0.5802259061E+01    0.2480000000E+02    0.2165700000E+01    0.7875000000E+00    0.1062220000E+02    0.4012000000E+00    0.5522000000E+00
    0.5802259061E+01    0.1193750000E+02    0.1194000000E+01    0.1450000000E+01    0.9050000000E+01    0.3586000000E+00    0.4420000000E+00
    0.1160451812E+02    0.1426980000E+02    0.1422700000E+01    0.1133300000E+01    0.8317500000E+01    0.3858000000E+00    0.4524000000E+00
    0.7736345414E+01    0.2100000000E+02    0.2920000000E+01    0.7500000000E+00    0.1111100000E+01    0.3067000000E+00    0.2705000000E+00
    0.1160451812E+02    0.7071400000E+01    0.2097500000E+01    0.1325000000E+01    0.2142900000E+01    0.2174000000E+00    0.2213000000E+00
    0.1160451812E+02    0.1470000000E+02    0.1282700000E+01    0.1145000000E+01    0.9450000000E+01    0.5219000000E+00    0.4837000000E+00
    0.4641807249E+01    0.1024000000E+02    0.1599500000E+01    0.1320000000E+01    0.2480000000E+01    0.3305000000E+00    0.3635000000E+00
    0.1160451812E+02    0.1562670000E+02    0.1282500000E+01    0.1000000000E+01    0.1128000000E+02    0.5357000000E+00    0.5253000000E+00
    0.5802259061E+01    0.8600000000E+01    0.2090000000E+01    0.1233300000E+01    0.1000000000E+01    0.2957000000E+00    0.3876000000E+00
    0.4641807249E+01    0.1229630000E+02    0.1180000000E+01    0.1516700000E+01    0.8888900000E+01    0.3181000000E+00    0.4518000000E+00
    0.4641807249E+01    0.1321430000E+02    0.1165300000E+01    0.1266700000E+01    0.1050000000E+02    0.5417000000E+00    0.4488000000E+00
    0.1160451812E+02    0.1532000000E+02    0.1315000000E+01    0.1350000000E+01    0.7240000000E+01    0.2705000000E+00    0.4999000000E+00
    0.4641807249E+01    0.1133330000E+02    0.1857500000E+01    0.1090000000E+01    0.4066700000E+01    0.3906000000E+00    0.3503000000E+00
    0.4641807249E+01    0.2404000000E+02    0.2047000000E+01    0.7400000000E+00    0.1224000000E+02    0.4167000000E+00    0.5206000000E+00
    0.5802259061E+01    0.2033330000E+02    0.2741500000E+01    0.7882000000E+00    0.2666700000E+01    0.2585000000E+00    0.3176000000E+00
    0.7736345414E+01    0.2316670000E+02    0.2170700000E+01    0.8111000000E+00    0.9142900000E+01    0.3239000000E+00    0.6563000000E+00
    0.5802259061E+01    0.9875000000E+01    0.9740000000E+00    0.2000000000E+01    0.8200000000E+01    0.4118000000E+00    0.4641000000E+00
    0.7736345414E+01    0.1439470000E+02    0.1686800000E+01    0.1100000000E+01    0.2947400000E+01    0.4846000000E+00    0.3642000000E+00
    0.7736345414E+01    0.1248530000E+02    0.1276700000E+01    0.1500000000E+01    0.7500000000E+01    0.3136000000E+00    0.4532000000E+00
    0.1160451812E+02    0.1384000000E+02    0.1395500000E+01    0.1225000000E+01    0.6520000000E+01    0.4538000000E+00    0.4673000000E+00
    0.5802259061E+01    0.2330770000E+02    0.2408800000E+01    0.8083000000E+00    0.5384600000E+01    0.3515000000E+00    0.4017000000E+00
    0.7736345414E+01    0.1516670000E+02    0.1161300000E+01    0.1266700000E+01    0.1238100000E+02    0.5459000000E+00    0.5212000000E+00
    0.1160451812E+02    0.1433750000E+02    0.1153500000E+01    0.1325000000E+01    0.1205000000E+02    0.5487000000E+00    0.5154000000E+00
    0.4641807249E+01    0.1207140000E+02    0.1254700000E+01    0.1250000000E+01    0.9428600000E+01    0.3924000000E+00    0.4120000000E+00
    0.4641807249E+01    0.1073080000E+02    0.1306200000E+01    0.1450000000E+01    0.2923100000E+01    0.5047000000E+00    0.4436000000E+00
    0.7736345414E+01    0.1381330000E+02    0.1198000000E+01    0.1300000000E+01    0.1008000000E+02    0.4498000000E+00    0.5068000000E+00
    0.7736345414E+01    0.1080770000E+02    0.1113500000E+01    0.1692300000E+01    0.5961500000E+01    0.3718000000E+00    0.4884000000E+00
    0.4641807249E+01    0.1294290000E+02    0.1560000000E+01    0.1150000000E+01    0.3600000000E+01    0.4338000000E+00    0.3665000000E+00
    0.1160451812E+02    0.1015380000E+02    0.1265000000E+01    0.1725000000E+01    0.4076900000E+01    0.3870000000E+00    0.5709000000E+00
    0.4641807249E+01    0.1524000000E+02    0.1500000000E+01    0.1180000000E+01    0.7760000000E+01    0.4408000000E+00    0.5425000000E+00
    0.4641807249E+01    0.2033330000E+02    0.2920000000E+01    0.7500000000E+00    0.1111100000E+01    0.3067000000E+00    0.2809000000E+00
    0.7736345414E+01    0.9600000000E+01    0.1505000000E+01    0.1450000000E+01    0.1200000000E+01    0.3531000000E+00    0.5654000000E+00
    0.4641807249E+01    0.1360000000E+02    0.1315000000E+01    0.1350000000E+01    0.6440000000E+01    0.2705000000E+00    0.4437000000E+00
    0.7736345414E+01    0.1460000000E+02    0.1360000000E+01    0.1400000000E+01    0.8133300000E+01    0.3399000000E+00    0.5239000000E+00
    0.7736345414E+01    0.1052000000E+02    0.1553000000E+01    0.1380000000E+01    0.2240000000E+01    0.3371000000E+00    0.4297000000E+00
    0.1160451812E+02    0.1470000000E+02    0.1504000000E+01    0.1150000000E+01    0.6640000000E+01    0.3801000000E+00    0.4547000000E+00
    0.7736345414E+01    0.2384620000E+02    0.2287500000E+01    0.7700000000E+00    0.8717900000E+01    0.3878000000E+00    0.5582000000E+00
    0.4641807249E+01    0.1460710000E+02    0.1161300000E+01    0.1266700000E+01    0.1166670000E+02    0.5459000000E+00    0.4962000000E+00
    0.5802259061E+01    0.2465000000E+02    0.2378100000E+01    0.8625000000E+00    0.6600000000E+01    0.3797000000E+00    0.5489000000E+00
    0.7736345414E+01    0.1324070000E+02    0.1133100000E+01    0.1450000000E+01    0.1083330000E+02    0.3991000000E+00    0.4748000000E+00
    0.1160451812E+02    0.5680000000E+01    0.2065000000E+01    0.1416700000E+01    0.1120000000E+01    0.1994000000E+00    0.2555000000E+00
    0.4641807249E+01    0.9500000000E+01    0.1353300000E+01    0.1400000000E+01    0.5647100000E+01    0.2877000000E+00    0.3574000000E+00
    0.5802259061E+01    0.1388750000E+02    0.1166400000E+01    0.1150000000E+01    0.1090000000E+02    0.5317000000E+00    0.4658000000E+00
    0.4641807249E+01    0.7900000000E+01    0.2090000000E+01    0.1233300000E+01    0.4000000000E+00    0.2957000000E+00    0.3835000000E+00
    0.1160451812E+02    0.2470590000E+02    0.2413300000E+01    0.8000000000E+00    0.8705900000E+01    0.3246000000E+00    0.5186000000E+00
    0.4641807249E+01    0.1248810000E+02    0.1219400000E+01    0.1562500000E+01    0.9142900000E+01    0.3526000000E+00    0.4704000000E+00
    0.4641807249E+01    0.1028000000E+02    0.1553000000E+01    0.1380000000E+01    0.2400000000E+01    0.3371000000E+00    0.3993000000E+00
    0.1160451812E+02    0.1127450000E+02    0.1140000000E+01    0.1566700000E+01    0.6235300000E+01    0.4829000000E+00    0.5225000000E+00
    0.4641807249E+01    0.1354670000E+02    0.1199500000E+01    0.1190000000E+01    0.9973300000E+01    0.5021000000E+00    0.4488000000E+00
    0.5802259061E+01    0.1408000000E+02    0.1504000000E+01    0.1150000000E+01    0.6560000000E+01    0.3801000000E+00    0.4243000000E+00
    0.1160451812E+02    0.1145590000E+02    0.1353300000E+01    0.1400000000E+01    0.7147100000E+01    0.2877000000E+00    0.4035000000E+00
    0.7736345414E+01    0.2472730000E+02    0.2597100000E+01    0.8167000000E+00    0.3818200000E+01    0.3775000000E+00    0.4709000000E+00
    0.7736345414E+01    0.1378750000E+02    0.1216000000E+01    0.1450000000E+01    0.1200000000E+02    0.4640000000E+00    0.5564000000E+00
    0.5802259061E+01    0.1379010000E+02    0.1175000000E+01    0.1416700000E+01    0.1081480000E+02    0.4330000000E+00    0.5298000000E+00
    0.4641807249E+01    0.9442300000E+01    0.1113500000E+01    0.1692300000E+01    0.4307700000E+01    0.3718000000E+00    0.4461000000E+00
    0.4641807249E+01    0.1258750000E+02    0.1190400000E+01    0.1405000000E+01    0.9675000000E+01    0.3981000000E+00    0.4632000000E+00
    0.4641807249E+01    0.1180000000E+02    0.1727000000E+01    0.1090000000E+01    0.5840000000E+01    0.3654000000E+00    0.3382000000E+00
    0.1160451812E+02    0.1280880000E+02    0.1276700000E+01    0.1500000000E+01    0.7764700000E+01    0.3136000000E+00    0.4773000000E+00
    0.5802259061E+01    0.1646000000E+02    0.1630000000E+01    0.1350000000E+01    0.7720000000E+01    0.3679000000E+00    0.7056000000E+00
    0.1160451812E+02    0.1453090000E+02    0.1203300000E+01    0.1416700000E+01    0.1120990000E+02    0.4436000000E+00    0.5326000000E+00
    0.4641807249E+01    0.2323080000E+02    0.2408800000E+01    0.8083000000E+00    0.5769200000E+01    0.3515000000E+00    0.3910000000E+00
    0.5802259061E+01    0.1308330000E+02    0.1186700000E+01    0.1050000000E+01    0.1021430000E+02    0.5440000000E+00    0.4110000000E+00
    0.5802259061E+01    0.2111540000E+02    0.2427500000E+01    0.8667000000E+00    0.4923100000E+01    0.2885000000E+00    0.4169000000E+00
    0.1160451812E+02    0.1461900000E+02    0.1165300000E+01    0.1266700000E+01    0.1183330000E+02    0.5417000000E+00    0.5011000000E+00
    0.5802259061E+01    0.7279400000E+01    0.9267000000E+00    0.2350000000E+01    0.5911800000E+01    0.3510000000E+00    0.4721000000E+00
    0.7736345414E+01    0.1370000000E+02    0.1370000000E+01    0.1350000000E+01    0.6400000000E+01    0.5105000000E+00    0.6058000000E+00
    0.7736345414E+01    0.1414710000E+02    0.1353300000E+01    0.1400000000E+01    0.8588200000E+01    0.4996000000E+00    0.8044000000E+00
    0.7736345414E+01    0.1511760000E+02    0.1666700000E+01    0.1116700000E+01    0.7568600000E+01    0.4042000000E+00    0.4482000000E+00
    0.7736345414E+01    0.2124000000E+02    0.2165000000E+01    0.9167000000E+00    0.4960000000E+01    0.4049000000E+00    0.6318000000E+00
    0.5802259061E+01    0.1106670000E+02    0.1814300000E+01    0.1150000000E+01    0.4711100000E+01    0.2919000000E+00    0.3326000000E+00
    0.7736345414E+01    0.9912500000E+01    0.9740000000E+00    0.2000000000E+01    0.8025000000E+01    0.4118000000E+00    0.4807000000E+00
    0.7736345414E+01    0.9000000000E+01    0.1435000000E+01    0.1530000000E+01    0.1176500000E+01    0.4273000000E+00    0.5264000000E+00
    0.1160451812E+02    0.1256670000E+02    0.9709000000E+00    0.1800000000E+01    0.1084440000E+02    0.5926000000E+00    0.4796000000E+00
    0.5802259061E+01    0.1256250000E+02    0.1096000000E+01    0.1450000000E+01    0.1015000000E+02    0.5147000000E+00    0.5135000000E+00
    0.4641807249E+01    0.1122220000E+02    0.1814300000E+01    0.1150000000E+01    0.5155600000E+01    0.2919000000E+00    0.3273000000E+00
    0.5802259061E+01    0.2362500000E+02    0.2774600000E+01    0.7705000000E+00    0.1500000000E+01    0.3555000000E+00    0.3133000000E+00
    0.7736345414E+01    0.2064000000E+02    0.2447500000E+01    0.9333000000E+00    0.5600000000E+01    0.2899000000E+00    0.4753000000E+00
    0.5802259061E+01    0.1285000000E+02    0.1370000000E+01    0.1350000000E+01    0.5550000000E+01    0.5105000000E+00    0.5776000000E+00
    0.4641807249E+01    0.1400000000E+02    0.1214700000E+01    0.1266700000E+01    0.1126190000E+02    0.3731000000E+00    0.4890000000E+00
    0.7736345414E+01    0.1419750000E+02    0.1185000000E+01    0.1216700000E+01    0.1111110000E+02    0.5295000000E+00    0.5195000000E+00
    0.1160451812E+02    0.1388750000E+02    0.1190400000E+01    0.1405000000E+01    0.1072500000E+02    0.3981000000E+00    0.5181000000E+00
    0.1160451812E+02    0.1300000000E+02    0.2084400000E+01    0.1192900000E+01    0.3666700000E+01    0.3554000000E+00    0.5172000000E+00
    0.4641807249E+01    0.2500000000E+02    0.2442500000E+01    0.8500000000E+00    0.6526300000E+01    0.3691000000E+00    0.4616000000E+00
    0.5802259061E+01    0.1500000000E+02    0.1282500000E+01    0.1000000000E+01    0.1090670000E+02    0.5357000000E+00    0.4774000000E+00
    0.1160451812E+02    0.1542650000E+02    0.1386700000E+01    0.1400000000E+01    0.9794100000E+01    0.3436000000E+00    0.6219000000E+00
    0.7736345414E+01    0.1202670000E+02    0.1162900000E+01    0.1900000000E+01    0.8053300000E+01    0.2609000000E+00    0.4662000000E+00
    0.5802259061E+01    0.2294120000E+02    0.2406700000E+01    0.8125000000E+00    0.7647100000E+01    0.3621000000E+00    0.5298000000E+00
    0.7736345414E+01    0.2452000000E+02    0.2047000000E+01    0.7400000000E+00    0.1196000000E+02    0.4167000000E+00    0.5507000000E+00
    0.4641807249E+01    0.1207140000E+02    0.1171700000E+01    0.1407100000E+01    0.9690500000E+01    0.4213000000E+00    0.4177000000E+00
    0.7736345414E+01    0.1990000000E+02    0.2813300000E+01    0.8342000000E+00    0.1600000000E+01    0.2838000000E+00    0.3164000000E+00
    0.5802259061E+01    0.1374670000E+02    0.1199500000E+01    0.1190000000E+01    0.9866700000E+01    0.5021000000E+00    0.4660000000E+00
    0.1160451812E+02    0.1446670000E+02    0.1631800000E+01    0.1180000000E+01    0.3466700000E+01    0.4196000000E+00    0.4536000000E+00
    0.7736345414E+01    0.1416000000E+02    0.1440000000E+01    0.1100000000E+01    0.6840000000E+01    0.5366000000E+00    0.4028000000E+00
    0.1160451812E+02    0.1643640000E+02    0.1376400000E+01    0.1209100000E+01    0.8545500000E+01    0.4828000000E+00    0.5914000000E+00
    0.4641807249E+01    0.9062500000E+01    0.9740000000E+00    0.2000000000E+01    0.7200000000E+01    0.4118000000E+00    0.4501000000E+00
    0.4641807249E+01    0.1368750000E+02    0.1282700000E+01    0.1145000000E+01    0.9050000000E+01    0.5219000000E+00    0.4209000000E+00
    0.5802259061E+01    0.1030880000E+02    0.1353300000E+01    0.1400000000E+01    0.6382400000E+01    0.2877000000E+00    0.3760000000E+00
    0.4641807249E+01    0.2438890000E+02    0.2572800000E+01    0.7833000000E+00    0.3555600000E+01    0.3914000000E+00    0.4616000000E+00
    0.7736345414E+01    0.1632350000E+02    0.1170000000E+01    0.1400000000E+01    0.1282350000E+02    0.4569000000E+00    0.6689000000E+00
    0.7736345414E+01    0.1342500000E+02    0.1084000000E+01    0.1450000000E+01    0.1170000000E+02    0.3869000000E+00    0.5938000000E+00
    0.5802259061E+01    0.1295240000E+02    0.1220000000E+01    0.1425000000E+01    0.9285700000E+01    0.3766000000E+00    0.4729000000E+00
    0.1160451812E+02    0.1451430000E+02    0.1560000000E+01    0.1150000000E+01    0.4342900000E+01    0.4338000000E+00    0.4044000000E+00
    0.4641807249E+01    0.1816670000E+02    0.2975000000E+01    0.7588000000E+00    0.3333000000E+00    0.2591000000E+00    0.2910000000E+00
    0.5802259061E+01    0.1180000000E+02    0.1727000000E+01    0.1090000000E+01    0.5760000000E+01    0.3654000000E+00    0.3467000000E+00
    0.7736345414E+01    0.1082350000E+02    0.1353300000E+01    0.1400000000E+01    0.6617600000E+01    0.2877000000E+00    0.3961000000E+00
    0.5802259061E+01    0.1572000000E+02    0.1500000000E+01    0.1180000000E+01    0.8160000000E+01    0.4408000000E+00    0.5561000000E+00
